2020-10-08 12:07:47.957  INFO 4564 --- [main] e.l.LogReprocessApplicationTests         : Starting LogReprocessApplicationTests on jijia-PC with PID 4564 (started by jijia in E:\workspace\log_reprocess)
2020-10-08 12:07:47.964  INFO 4564 --- [main] e.l.LogReprocessApplicationTests         : No active profile set, falling back to default profiles: default
2020-10-08 12:07:50.461  INFO 4564 --- [main] trationDelegate$BeanPostProcessorChecker : Bean 'org.springframework.kafka.annotation.KafkaBootstrapConfiguration' of type [org.springframework.kafka.annotation.KafkaBootstrapConfiguration$$EnhancerBySpringCGLIB$$b30f142b] is not eligible for getting processed by all BeanPostProcessors (for example: not eligible for auto-proxying)
2020-10-08 12:07:52.477  INFO 4564 --- [main] o.a.k.clients.producer.ProducerConfig    : ProducerConfig values: 
	acks = all
	batch.size = 16384
	bootstrap.servers = [10.2.0.5:9092]
	buffer.memory = 33554432
	client.id = 
	compression.type = none
	connections.max.idle.ms = 540000
	enable.idempotence = false
	interceptor.classes = []
	key.serializer = class org.springframework.kafka.support.serializer.JsonSerializer
	linger.ms = 0
	max.block.ms = 60000
	max.in.flight.requests.per.connection = 5
	max.request.size = 1048576
	metadata.max.age.ms = 300000
	metric.reporters = []
	metrics.num.samples = 2
	metrics.recording.level = INFO
	metrics.sample.window.ms = 30000
	partitioner.class = class org.apache.kafka.clients.producer.internals.DefaultPartitioner
	receive.buffer.bytes = 32768
	reconnect.backoff.max.ms = 1000
	reconnect.backoff.ms = 50
	request.timeout.ms = 30000
	retries = 1
	retry.backoff.ms = 100
	sasl.client.callback.handler.class = null
	sasl.jaas.config = null
	sasl.kerberos.kinit.cmd = /usr/bin/kinit
	sasl.kerberos.min.time.before.relogin = 60000
	sasl.kerberos.service.name = null
	sasl.kerberos.ticket.renew.jitter = 0.05
	sasl.kerberos.ticket.renew.window.factor = 0.8
	sasl.login.callback.handler.class = null
	sasl.login.class = null
	sasl.login.refresh.buffer.seconds = 300
	sasl.login.refresh.min.period.seconds = 60
	sasl.login.refresh.window.factor = 0.8
	sasl.login.refresh.window.jitter = 0.05
	sasl.mechanism = GSSAPI
	security.protocol = PLAINTEXT
	send.buffer.bytes = 131072
	ssl.cipher.suites = null
	ssl.enabled.protocols = [TLSv1.2, TLSv1.1, TLSv1]
	ssl.endpoint.identification.algorithm = https
	ssl.key.password = null
	ssl.keymanager.algorithm = SunX509
	ssl.keystore.location = null
	ssl.keystore.password = null
	ssl.keystore.type = JKS
	ssl.protocol = TLS
	ssl.provider = null
	ssl.secure.random.implementation = null
	ssl.trustmanager.algorithm = PKIX
	ssl.truststore.location = null
	ssl.truststore.password = null
	ssl.truststore.type = JKS
	transaction.timeout.ms = 60000
	transactional.id = null
	value.serializer = class org.apache.kafka.common.serialization.StringSerializer

2020-10-08 12:07:52.560  INFO 4564 --- [main] o.a.kafka.common.utils.AppInfoParser     : Kafka version : 2.0.1
2020-10-08 12:07:52.560  INFO 4564 --- [main] o.a.kafka.common.utils.AppInfoParser     : Kafka commitId : fa14705e51bd2ce5
2020-10-08 12:07:53.830  INFO 4564 --- [main] o.s.s.concurrent.ThreadPoolTaskExecutor  : Initializing ExecutorService 'applicationTaskExecutor'
2020-10-08 12:07:55.242  INFO 4564 --- [main] o.s.b.a.e.web.EndpointLinksResolver      : Exposing 16 endpoint(s) beneath base path '/actuator'
2020-10-08 12:07:55.318  INFO 4564 --- [main] e.l.LogReprocessApplicationTests         : Started LogReprocessApplicationTests in 8.02 seconds (JVM running for 11.317)
2020-10-08 12:07:55.731  INFO 4564 --- [main] es.log_reprocess.EmailServiceImpl        : 发送简单邮件
2020-10-08 12:07:57.474  INFO 4564 --- [main] es.log_reprocess.EmailServiceImpl        : 简单邮件发送成功
2020-10-08 12:07:57.498  INFO 4564 --- [Thread-3] o.s.s.concurrent.ThreadPoolTaskExecutor  : Shutting down ExecutorService 'applicationTaskExecutor'
